This is pdfTeX, Version 3.1415926-2.5-1.40.14 (TeX Live 2013/Debian) (format=pdflatex 2015.6.20)  9 JAN 2016 09:35
entering extended mode
 restricted \write18 enabled.
 %&-line parsing enabled.
**developer_man.tex
(./developer_man.tex
LaTeX2e <2011/06/27>
Babel <3.9h> and hyphenation patterns for 2 languages loaded.
(/usr/share/texlive/texmf-dist/tex/latex/base/article.cls
Document Class: article 2007/10/19 v1.4h Standard LaTeX document class
(/usr/share/texlive/texmf-dist/tex/latex/base/size12.clo
File: size12.clo 2007/10/19 v1.4h Standard LaTeX file (size option)
)
\c@part=\count79
\c@section=\count80
\c@subsection=\count81
\c@subsubsection=\count82
\c@paragraph=\count83
\c@subparagraph=\count84
\c@figure=\count85
\c@table=\count86
\abovecaptionskip=\skip41
\belowcaptionskip=\skip42
\bibindent=\dimen102
)
(/usr/share/texmf/tex/latex/html/html.sty
(/usr/share/texlive/texmf-dist/tex/latex/hyperref/hyperref.sty
Package: hyperref 2012/11/06 v6.83m Hypertext links for LaTeX

(/usr/share/texlive/texmf-dist/tex/generic/oberdiek/hobsub-hyperref.sty
Package: hobsub-hyperref 2012/05/28 v1.13 Bundle oberdiek, subset hyperref (HO)


(/usr/share/texlive/texmf-dist/tex/generic/oberdiek/hobsub-generic.sty
Package: hobsub-generic 2012/05/28 v1.13 Bundle oberdiek, subset generic (HO)
Package: hobsub 2012/05/28 v1.13 Construct package bundles (HO)
Package: infwarerr 2010/04/08 v1.3 Providing info/warning/error messages (HO)
Package: ltxcmds 2011/11/09 v1.22 LaTeX kernel commands for general use (HO)
Package: ifluatex 2010/03/01 v1.3 Provides the ifluatex switch (HO)
Package ifluatex Info: LuaTeX not detected.
Package: ifvtex 2010/03/01 v1.5 Detect VTeX and its facilities (HO)
Package ifvtex Info: VTeX not detected.
Package: intcalc 2007/09/27 v1.1 Expandable calculations with integers (HO)
Package: ifpdf 2011/01/30 v2.3 Provides the ifpdf switch (HO)
Package ifpdf Info: pdfTeX in PDF mode is detected.
Package: etexcmds 2011/02/16 v1.5 Avoid name clashes with e-TeX commands (HO)
Package etexcmds Info: Could not find \expanded.
(etexcmds)             That can mean that you are not using pdfTeX 1.50 or
(etexcmds)             that some package has redefined \expanded.
(etexcmds)             In the latter case, load this package earlier.
Package: kvsetkeys 2012/04/25 v1.16 Key value parser (HO)
Package: kvdefinekeys 2011/04/07 v1.3 Define keys (HO)
Package: pdftexcmds 2011/11/29 v0.20 Utility functions of pdfTeX for LuaTeX (HO
)
Package pdftexcmds Info: LuaTeX not detected.
Package pdftexcmds Info: \pdf@primitive is available.
Package pdftexcmds Info: \pdf@ifprimitive is available.
Package pdftexcmds Info: \pdfdraftmode found.
Package: pdfescape 2011/11/25 v1.13 Implements pdfTeX's escape features (HO)
Package: bigintcalc 2012/04/08 v1.3 Expandable calculations on big integers (HO
)
Package: bitset 2011/01/30 v1.1 Handle bit-vector datatype (HO)
Package: uniquecounter 2011/01/30 v1.2 Provide unlimited unique counter (HO)
)
Package hobsub Info: Skipping package `hobsub' (already loaded).
Package: letltxmacro 2010/09/02 v1.4 Let assignment for LaTeX macros (HO)
Package: hopatch 2012/05/28 v1.2 Wrapper for package hooks (HO)
Package: xcolor-patch 2011/01/30 xcolor patch
Package: atveryend 2011/06/30 v1.8 Hooks at the very end of document (HO)
Package atveryend Info: \enddocument detected (standard20110627).
Package: atbegshi 2011/10/05 v1.16 At begin shipout hook (HO)
Package: refcount 2011/10/16 v3.4 Data extraction from label references (HO)
Package: hycolor 2011/01/30 v1.7 Color options for hyperref/bookmark (HO)
)
(/usr/share/texlive/texmf-dist/tex/latex/graphics/keyval.sty
Package: keyval 1999/03/16 v1.13 key=value parser (DPC)
\KV@toks@=\toks14
)
(/usr/share/texlive/texmf-dist/tex/generic/ifxetex/ifxetex.sty
Package: ifxetex 2010/09/12 v0.6 Provides ifxetex conditional
)
(/usr/share/texlive/texmf-dist/tex/latex/oberdiek/auxhook.sty
Package: auxhook 2011/03/04 v1.3 Hooks for auxiliary files (HO)
)
(/usr/share/texlive/texmf-dist/tex/latex/oberdiek/kvoptions.sty
Package: kvoptions 2011/06/30 v3.11 Key value format for package options (HO)
)
\@linkdim=\dimen103
\Hy@linkcounter=\count87
\Hy@pagecounter=\count88

(/usr/share/texlive/texmf-dist/tex/latex/hyperref/pd1enc.def
File: pd1enc.def 2012/11/06 v6.83m Hyperref: PDFDocEncoding definition (HO)
)
\Hy@SavedSpaceFactor=\count89

(/usr/share/texlive/texmf-dist/tex/latex/latexconfig/hyperref.cfg
File: hyperref.cfg 2002/06/06 v1.2 hyperref configuration of TeXLive
)
Package hyperref Info: Hyper figures OFF on input line 4443.
Package hyperref Info: Link nesting OFF on input line 4448.
Package hyperref Info: Hyper index ON on input line 4451.
Package hyperref Info: Plain pages OFF on input line 4458.
Package hyperref Info: Backreferencing OFF on input line 4463.
Package hyperref Info: Implicit mode ON; LaTeX internals redefined.
Package hyperref Info: Bookmarks ON on input line 4688.
\c@Hy@tempcnt=\count90

(/usr/share/texlive/texmf-dist/tex/latex/url/url.sty
\Urlmuskip=\muskip10
Package: url 2013/09/16  ver 3.4  Verb mode for urls, etc.
)
LaTeX Info: Redefining \url on input line 5041.
\XeTeXLinkMargin=\dimen104
\Fld@menulength=\count91
\Field@Width=\dimen105
\Fld@charsize=\dimen106
Package hyperref Info: Hyper figures OFF on input line 6295.
Package hyperref Info: Link nesting OFF on input line 6300.
Package hyperref Info: Hyper index ON on input line 6303.
Package hyperref Info: backreferencing OFF on input line 6310.
Package hyperref Info: Link coloring OFF on input line 6315.
Package hyperref Info: Link coloring with OCG OFF on input line 6320.
Package hyperref Info: PDF/A mode OFF on input line 6325.
LaTeX Info: Redefining \ref on input line 6365.
LaTeX Info: Redefining \pageref on input line 6369.
\Hy@abspage=\count92
\c@Item=\count93
\c@Hfootnote=\count94
)

Package hyperref Message: Driver: hpdftex.

(/usr/share/texlive/texmf-dist/tex/latex/hyperref/hpdftex.def
File: hpdftex.def 2012/11/06 v6.83m Hyperref driver for pdfTeX
\Fld@listcount=\count95
\c@bookmark@seq@number=\count96

(/usr/share/texlive/texmf-dist/tex/latex/oberdiek/rerunfilecheck.sty
Package: rerunfilecheck 2011/04/15 v1.7 Rerun checks for auxiliary files (HO)
Package uniquecounter Info: New unique counter `rerunfilecheck' on input line 2
82.
)
\Hy@SectionHShift=\skip43
)
Package: html 1999/07/19 v1.38 hypertext commands for latex2html (nd, hws, rrm)

\c@lpart=\count97
\c@lchapter=\count98
\c@chapter=\count99
\c@lsection=\count100
\c@lsubsection=\count101
\c@lsubsubsection=\count102
\c@lparagraph=\count103
\c@lsubparagraph=\count104
\c@lsubsubparagraph=\count105
\ptrfile=\write3
)
(/usr/share/texlive/texmf-dist/tex/latex/graphics/graphicx.sty
Package: graphicx 1999/02/16 v1.0f Enhanced LaTeX Graphics (DPC,SPQR)

(/usr/share/texlive/texmf-dist/tex/latex/graphics/graphics.sty
Package: graphics 2009/02/05 v1.0o Standard LaTeX Graphics (DPC,SPQR)

(/usr/share/texlive/texmf-dist/tex/latex/graphics/trig.sty
Package: trig 1999/03/16 v1.09 sin cos tan (DPC)
)
(/usr/share/texlive/texmf-dist/tex/latex/latexconfig/graphics.cfg
File: graphics.cfg 2010/04/23 v1.9 graphics configuration of TeX Live
)
Package graphics Info: Driver file: pdftex.def on input line 91.

(/usr/share/texlive/texmf-dist/tex/latex/pdftex-def/pdftex.def
File: pdftex.def 2011/05/27 v0.06d Graphics/color for pdfTeX
\Gread@gobject=\count106
))
\Gin@req@height=\dimen107
\Gin@req@width=\dimen108
)
(./developer_man.aux)
\openout1 = `developer_man.aux'.

LaTeX Font Info:    Checking defaults for OML/cmm/m/it on input line 24.
LaTeX Font Info:    ... okay on input line 24.
LaTeX Font Info:    Checking defaults for T1/cmr/m/n on input line 24.
LaTeX Font Info:    ... okay on input line 24.
LaTeX Font Info:    Checking defaults for OT1/cmr/m/n on input line 24.
LaTeX Font Info:    ... okay on input line 24.
LaTeX Font Info:    Checking defaults for OMS/cmsy/m/n on input line 24.
LaTeX Font Info:    ... okay on input line 24.
LaTeX Font Info:    Checking defaults for OMX/cmex/m/n on input line 24.
LaTeX Font Info:    ... okay on input line 24.
LaTeX Font Info:    Checking defaults for U/cmr/m/n on input line 24.
LaTeX Font Info:    ... okay on input line 24.
LaTeX Font Info:    Checking defaults for PD1/pdf/m/n on input line 24.
LaTeX Font Info:    ... okay on input line 24.
\AtBeginShipoutBox=\box26
Package hyperref Info: Link coloring OFF on input line 24.

(/usr/share/texlive/texmf-dist/tex/latex/hyperref/nameref.sty
Package: nameref 2012/10/27 v2.43 Cross-referencing by name of section

(/usr/share/texlive/texmf-dist/tex/generic/oberdiek/gettitlestring.sty
Package: gettitlestring 2010/12/03 v1.4 Cleanup title references (HO)
)
\c@section@level=\count107
)
LaTeX Info: Redefining \ref on input line 24.
LaTeX Info: Redefining \pageref on input line 24.
LaTeX Info: Redefining \nameref on input line 24.

(./developer_man.out) (./developer_man.out)
\@outlinefile=\write4
\openout4 = `developer_man.out'.


(/usr/share/texlive/texmf-dist/tex/context/base/supp-pdf.mkii
[Loading MPS to PDF converter (version 2006.09.02).]
\scratchcounter=\count108
\scratchdimen=\dimen109
\scratchbox=\box27
\nofMPsegments=\count109
\nofMParguments=\count110
\everyMPshowfont=\toks15
\MPscratchCnt=\count111
\MPscratchDim=\dimen110
\MPnumerator=\count112
\makeMPintoPDFobject=\count113
\everyMPtoPDFconversion=\toks16
) (/usr/share/texlive/texmf-dist/tex/latex/oberdiek/epstopdf-base.sty
Package: epstopdf-base 2010/02/09 v2.5 Base part for package epstopdf

(/usr/share/texlive/texmf-dist/tex/latex/oberdiek/grfext.sty
Package: grfext 2010/08/19 v1.1 Manage graphics extensions (HO)
)
Package grfext Info: Graphics extension search list:
(grfext)             [.png,.pdf,.jpg,.mps,.jpeg,.jbig2,.jb2,.PNG,.PDF,.JPG,.JPE
G,.JBIG2,.JB2,.eps]
(grfext)             \AppendGraphicsExtensions on input line 452.

(/usr/share/texlive/texmf-dist/tex/latex/latexconfig/epstopdf-sys.cfg
File: epstopdf-sys.cfg 2010/07/13 v1.3 Configuration of (r)epstopdf for TeX Liv
e
))
<quantum_espresso.pdf, id=180, 532.99126pt x 181.67876pt>
File: quantum_espresso.pdf Graphic file (type pdf)

<use quantum_espresso.pdf>
Package pdftex.def Info: quantum_espresso.pdf used on input line 33.
(pdftex.def)             Requested size: 142.26378pt x 48.49115pt.
LaTeX Font Info:    External font `cmex10' loaded for size
(Font)              <14.4> on input line 33.
LaTeX Font Info:    External font `cmex10' loaded for size
(Font)              <7> on input line 33.
 (./developer_man.toc
LaTeX Font Info:    External font `cmex10' loaded for size
(Font)              <12> on input line 2.
LaTeX Font Info:    External font `cmex10' loaded for size
(Font)              <8> on input line 2.
LaTeX Font Info:    External font `cmex10' loaded for size
(Font)              <6> on input line 2.
 [1

{/var/lib/texmf/fonts/map/pdftex/updmap/pdftex.map} <./quantum_espresso.pdf>])
\tf@toc=\write5
\openout5 = `developer_man.toc'.

 [2]
LaTeX Font Info:    Try loading font information for OMS+cmr on input line 44.

(/usr/share/texlive/texmf-dist/tex/latex/base/omscmr.fd
File: omscmr.fd 1999/05/25 v2.5h Standard LaTeX font definitions
)
LaTeX Font Info:    Font shape `OMS/cmr/m/n' in size <12> not available
(Font)              Font shape `OMS/cmsy/m/n' tried instead on input line 44.

Overfull \hbox (6.47005pt too wide) in paragraph at lines 82--87
\OT1/cmr/m/sc/12 ESPRESSO\OT1/cmr/m/n/12 , con-tact the de-vel-op-ers via the \
OT1/cmtt/m/n/12 q-e-developers[.at.]qe-forge[.dot.]org
 []

[3] [4]
LaTeX Font Info:    Font shape `OT1/cmtt/bx/n' in size <14.4> not available
(Font)              Font shape `OT1/cmtt/m/n' tried instead on input line 155.
 [5] [6]
Overfull \hbox (3.47255pt too wide) in paragraph at lines 287--291
\OT1/cmr/m/n/12 tic-u-lar, check (and up-date) the "Road Map" page \OT1/cmtt/m/
n/12 www.quantum-espresso.org/road-map\OT1/cmr/m/n/12 ,
 []


Overfull \hbox (11.75719pt too wide) in paragraph at lines 320--325
[]\OT1/cmr/m/n/12 If you add/modify/remove in-put vari-ables, doc-u-ment it in 
the ap-pro-pri-ate \OT1/cmtt/m/n/12 INPUT[]*.def
 []

[7] [8]
Overfull \hbox (83.6218pt too wide) in paragraph at lines 421--426
\OT1/cmr/m/n/12 men-ta-tion must be copied to di-rec-tory \OT1/cmtt/m/n/12 /var
/www/quantum[]wp[]db/wordpress-3.1.4/wp-content/uploads/Doc
 []

[9]
Overfull \hbox (0.73294pt too wide) in paragraph at lines 477--480
[]\OT1/cmtt/m/n/12 tests/ \OT1/cmr/m/n/12 con-tains au-to-mated post-installati
on tests (only in \OT1/cmtt/m/n/12 PW/ \OT1/cmr/m/n/12 and \OT1/cmtt/m/n/12 CPV
/\OT1/cmr/m/n/12 ) while \OT1/cmtt/m/n/12 examples/
 []

[10]
Overfull \hbox (48.34207pt too wide) in paragraph at lines 565--569
\OT1/cmr/m/it/12 Target \OT1/cmtt/m/n/12 neb\OT1/cmr/m/it/12 : do all of the ab
ove, then go into di-rec-tory \OT1/cmtt/m/n/12 install/ \OT1/cmr/m/it/12 where 
\OT1/cmtt/m/n/12 make neb \OT1/cmr/m/it/12 us-ing \OT1/cmtt/m/n/12 plugins[]mak
efile
 []

[11] [12] [13]
LaTeX Font Info:    Font shape `OT1/cmtt/bx/n' in size <12> not available
(Font)              Font shape `OT1/cmtt/m/n' tried instead on input line 760.
 [14] [15] [16]
Overfull \hbox (37.42511pt too wide) in paragraph at lines 911--914
[]\OT1/cmr/m/n/12 - $mpif90 is the par-al-lel com-piler, if any; if no par-al-l
el com-piler is found or if \OT1/cmtt/m/n/12 --disable-parallel
 []

[17] [18] [19]
Overfull \hbox (35.00342pt too wide) in paragraph at lines 1090--1098
\OT1/cmtt/m/n/12 https://gcc.gnu.org/onlinedocs/gfortran/Interoperable-Subrouti
nes-and-Functions.html 
 []


Overfull \hbox (1.48471pt too wide) in paragraph at lines 1149--1154
\OT1/cmr/m/n/12 The two main pack-ages, \OT1/cmtt/m/n/12 PWscf \OT1/cmr/m/n/12 
and \OT1/cmtt/m/n/12 CP\OT1/cmr/m/n/12 , sup-port restart-ing from in-ter-rupte
d cal-cu-la-tions, Restart-
 []

[20] [21]
Overfull \hbox (13.25435pt too wide) in paragraph at lines 1260--1269
\OT1/cmr/m/n/12 wrap-per rou-tines, con-tained in \OT1/cmtt/m/n/12 espresso/Mod
ules/mp.f90 \OT1/cmr/m/n/12 and \OT1/cmtt/m/n/12 espresso/Modules/mp[]base.f90\
OT1/cmr/m/n/12 .
 []

[22]
Overfull \hbox (26.70381pt too wide) in paragraph at lines 1349--1355
[]\OT1/cmtt/m/n/12 mp[]bands.f90 \OT1/cmr/m/n/12 is the mod-ule con-tain-ing in
-for-ma-tion about band par-al-leliza-tion. \OT1/cmtt/m/n/12 intra[]bgrp[]comm
 []

[23] [24]
Underfull \hbox (badness 10000) in paragraph at lines 1488--1490

 []


Overfull \hbox (0.39813pt too wide) in paragraph at lines 1491--1498
[]\OT1/cmr/m/n/12 The "restart file" is ac-tu-ally a "restart di-rec-tory", con
-tain-ing sev-eral files and sub-directories.
 []

[25]
Overfull \hbox (16.47841pt too wide) in paragraph at lines 1519--1519
[]                       \OT1/cmtt/m/n/12 - general information that doesn't re
quire large data set:[] 
 []


Overfull \hbox (22.65341pt too wide) in paragraph at lines 1519--1519
[]                       \OT1/cmtt/m/n/12 - pointers to other files or director
ies containing bulkier[] 
 []


Overfull \hbox (35.00342pt too wide) in paragraph at lines 1519--1519
[]                         \OT1/cmtt/m/n/12 data: grids, wavefunctions, charge 
density, potentials, ...[] 
 []


Overfull \hbox (4.1284pt too wide) in paragraph at lines 1519--1519
[]\OT1/cmtt/m/n/12 spin_polarization.dat  contains the spin polarization (rhoup
-rhodw) (LSDA case)[] 
 []

[26]
Overfull \hbox (4.1284pt too wide) in paragraph at lines 1908--1908
[]  \OT1/cmtt/m/n/12 - <MAGNETIZATION_INIT>     (info about starting or constra
ined magnetization)[] 
 []

[27]
Overfull \hbox (28.82841pt too wide) in paragraph at lines 1908--1908
[]     \OT1/cmtt/m/n/12 <PP_CHECK_FLAG>    (whether file is complete and suitab
le for post-processing)[] 
 []


Overfull \hbox (35.00342pt too wide) in paragraph at lines 1908--1908
[]     \OT1/cmtt/m/n/12 <BETA_REAL_SPACE>  (whether projectors are used in real
 space, not implemented)[] 
 []

[28] [29] [30] [31] [32] [33]
Overfull \hbox (16.47841pt too wide) in paragraph at lines 1908--1908
[]                \OT1/cmtt/m/n/12 <WFCM.$s>                link to file "./K$n
/evcm.dat" (optional)[] 
 []


Overfull \hbox (28.82841pt too wide) in paragraph at lines 1908--1908
[]                                         \OT1/cmtt/m/n/12 containing wavefunc
tions at preceding step[] 
 []

[34] [35] [36] [37] [38]
Package atveryend Info: Empty hook `BeforeClearDocument' on input line 2220.
 [39]
Package atveryend Info: Empty hook `AfterLastShipout' on input line 2220.
 (./developer_man.aux)
Package atveryend Info: Executing hook `AtVeryEndDocument' on input line 2220.
Package atveryend Info: Executing hook `AtEndAfterFileList' on input line 2220.

Package rerunfilecheck Info: File `developer_man.out' has not changed.
(rerunfilecheck)             Checksum: B708FC79310241A0A114E1C90BC4D2BB;3248.


LaTeX Warning: Label(s) may have changed. Rerun to get cross-references right.

Package atveryend Info: Empty hook `AtVeryVeryEnd' on input line 2220.
 ) 
Here is how much of TeX's memory you used:
 5536 strings out of 495028
 81067 string characters out of 6181497
 161284 words of memory out of 5000000
 8615 multiletter control sequences out of 15000+600000
 12496 words of font info for 44 fonts, out of 8000000 for 9000
 14 hyphenation exceptions out of 8191
 36i,5n,29p,226b,521s stack positions out of 5000i,500n,10000p,200000b,80000s
</usr/share/texlive/texmf-dist/fonts/type1/public/amsfonts/cm/cmbx12.pfb></us
r/share/texlive/texmf-dist/fonts/type1/public/amsfonts/cm/cmbx8.pfb></usr/share
/texlive/texmf-dist/fonts/type1/public/amsfonts/cm/cmbxti10.pfb></usr/share/tex
live/texmf-dist/fonts/type1/public/amsfonts/cm/cmcsc10.pfb></usr/share/texlive/
texmf-dist/fonts/type1/public/amsfonts/cm/cmex10.pfb></usr/share/texlive/texmf-
dist/fonts/type1/public/amsfonts/cm/cmitt10.pfb></usr/share/texlive/texmf-dist/
fonts/type1/public/amsfonts/cm/cmmi12.pfb></usr/share/texlive/texmf-dist/fonts/
type1/public/amsfonts/cm/cmmi8.pfb></usr/share/texlive/texmf-dist/fonts/type1/p
ublic/amsfonts/cm/cmr12.pfb></usr/share/texlive/texmf-dist/fonts/type1/public/a
msfonts/cm/cmr17.pfb></usr/share/texlive/texmf-dist/fonts/type1/public/amsfonts
/cm/cmr6.pfb></usr/share/texlive/texmf-dist/fonts/type1/public/amsfonts/cm/cmr8
.pfb></usr/share/texlive/texmf-dist/fonts/type1/public/amsfonts/cm/cmsl12.pfb><
/usr/share/texlive/texmf-dist/fonts/type1/public/amsfonts/cm/cmsy10.pfb></usr/s
hare/texlive/texmf-dist/fonts/type1/public/amsfonts/cm/cmsy6.pfb></usr/share/te
xlive/texmf-dist/fonts/type1/public/amsfonts/cm/cmsy8.pfb></usr/share/texlive/t
exmf-dist/fonts/type1/public/amsfonts/cm/cmti12.pfb></usr/share/texlive/texmf-d
ist/fonts/type1/public/amsfonts/cm/cmtt12.pfb>
Output written on developer_man.pdf (39 pages, 327998 bytes).
PDF statistics:
 529 PDF objects out of 1000 (max. 8388607)
 462 compressed objects within 5 object streams
 106 named destinations out of 1000 (max. 500000)
 358 words of extra memory for PDF output out of 10000 (max. 10000000)

